
vhdlfe V6.2 IR 27:  VHDL parser
Thu Feb 24 11:45:57 2011

Setting library 'work' to directory 'lc37256'

vhdlfe:  No errors.


vhdlfe V6.2 IR 27:  VHDL parser
Thu Feb 24 11:50:27 2011

Setting library 'work' to directory 'lc37256'

vhdlfe:  No errors.


vhdlfe V6.2 IR 27:  VHDL parser
Fri Feb 25 10:29:34 2011

Setting library 'work' to directory 'lc37256'

vhdlfe:  No errors.


vhdlfe V6.2 IR 27:  VHDL parser
Fri Feb 25 10:32:03 2011

Setting library 'work' to directory 'lc37256'

vhdlfe:  No errors.


vhdlfe V6.2 IR 27:  VHDL parser
Fri Feb 25 10:32:20 2011

Setting library 'work' to directory 'lc37256'

vhdlfe:  No errors.


vhdlfe V6.2 IR 27:  VHDL parser
Fri Feb 25 10:33:10 2011

Setting library 'work' to directory 'lc37256'

vhdlfe:  No errors.


vhdlfe V6.2 IR 27:  VHDL parser
Fri Feb 25 10:36:11 2011

Setting library 'work' to directory 'lc37256'

vhdlfe:  No errors.


vhdlfe V6.2 IR 27:  VHDL parser
Fri Feb 25 10:39:47 2011

Setting library 'work' to directory 'lc37256'

vhdlfe:  No errors.


vhdlfe V6.2 IR 27:  VHDL parser
Fri Feb 25 10:43:05 2011

Setting library 'work' to directory 'lc37256'

vhdlfe:  No errors.

